<?xml version="1.0" encoding="UTF-8" ?>
<testsuite tests="2" failures="1" name="bachelorthesis.testdata.RunFirstFeatureTest" time="0.045" errors="0" skipped="0">
  <properties>
[...]
</properties>
  <testcase classname="A test feature" name="Successful scenario for TES-1" time="0.026"/>
  <testcase classname="A test feature" name="Failing scenario for TES-1" time="0.019">
    <failure message="You got 35" type="junit.framework.AssertionFailedError">junit.framework.AssertionFailedError: You got 35
	at junit.framework.Assert.fail(Assert.java:57)
	at junit.framework.TestCase.fail(TestCase.java:227)
	at bachelorthesis.testdata.StepDefinitions.i_should_get(StepDefinitions.java:48)
	at ✽.I get 40(file:src/test/resources/bachelorthesis.testdata/first-feature.feature:14)
</failure>
    <system-out>
  @Feature1
  Scenario: Failing scenario for TES-1 &amp;#27;[90m# src/test/resources/bachelorthesis.testdata/first-feature.feature:10&amp;#27;[0m
Number is 5 5
    &amp;#27;[32mGiven &amp;#27;[0m&amp;#27;[32mI have the number &amp;#27;[0m&amp;#27;[32m&amp;#27;[1m5&amp;#27;[0m          &amp;#27;[90m# StepDefinitions.i_have_the_number(Integer)&amp;#27;[0m
Number is 7
    &amp;#27;[32mAnd &amp;#27;[0m&amp;#27;[32mI also have the number &amp;#27;[0m&amp;#27;[32m&amp;#27;[1m7&amp;#27;[0m       &amp;#27;[90m# StepDefinitions.i_also_have_the_number(Integer)&amp;#27;[0m
    &amp;#27;[32mWhen &amp;#27;[0m&amp;#27;[32mI multiply &amp;#27;[0m&amp;#27;[32m&amp;#27;[1m5&amp;#27;[0m&amp;#27;[32m with &amp;#27;[0m&amp;#27;[32m&amp;#27;[1m7&amp;#27;[0m           &amp;#27;[90m# StepDefinitions.i_multiply_with(Integer,Integer)&amp;#27;[0m
    &amp;#27;[31mThen &amp;#27;[0m&amp;#27;[31mI get &amp;#27;[0m&amp;#27;[31m&amp;#27;[1m40&amp;#27;[0m                      &amp;#27;[90m# StepDefinitions.i_should_get(Integer)&amp;#27;[0m
      &amp;#27;[31mjunit.framework.AssertionFailedError: You got 35
	at junit.framework.Assert.fail(Assert.java:57)
	at junit.framework.TestCase.fail(TestCase.java:227)
	at bachelorthesis.testdata.StepDefinitions.i_should_get(StepDefinitions.java:48)
	at ?.I get 40(file:src/test/resources/bachelorthesis.testdata/first-feature.feature:14)
&amp;#27;[0m
</system-out>
  </testcase>
</testsuite>